
=== Sat Nov 13 14:56:23 2021

Packages were changed.
Update Mode: mergeDefaultDependencies

The following packages were added:
  com.unity.ide.rider@3.0.7
  com.unity.ide.visualstudio@2.0.11
  com.unity.ide.vscode@1.2.4
  com.unity.modules.ai@1.0.0
  com.unity.modules.androidjni@1.0.0
  com.unity.modules.animation@1.0.0
  com.unity.modules.assetbundle@1.0.0
  com.unity.modules.audio@1.0.0
  com.unity.modules.cloth@1.0.0
  com.unity.modules.director@1.0.0
  com.unity.modules.imageconversion@1.0.0
  com.unity.modules.imgui@1.0.0
  com.unity.modules.jsonserialize@1.0.0
  com.unity.modules.particlesystem@1.0.0
  com.unity.modules.physics@1.0.0
  com.unity.modules.physics2d@1.0.0
  com.unity.modules.screencapture@1.0.0
  com.unity.modules.terrain@1.0.0
  com.unity.modules.terrainphysics@1.0.0
  com.unity.modules.tilemap@1.0.0
  com.unity.modules.ui@1.0.0
  com.unity.modules.uielements@1.0.0
  com.unity.modules.umbra@1.0.0
  com.unity.modules.unityanalytics@1.0.0
  com.unity.modules.unitywebrequest@1.0.0
  com.unity.modules.unitywebrequestassetbundle@1.0.0
  com.unity.modules.unitywebrequestaudio@1.0.0
  com.unity.modules.unitywebrequesttexture@1.0.0
  com.unity.modules.unitywebrequestwww@1.0.0
  com.unity.modules.vehicles@1.0.0
  com.unity.modules.video@1.0.0
  com.unity.modules.vr@1.0.0
  com.unity.modules.wind@1.0.0
  com.unity.modules.xr@1.0.0
  com.unity.test-framework@1.1.29
  com.unity.visualscripting@1.7.5
The following packages were updated:
  com.unity.collab-proxy from version 1.7.1 to 1.13.5
  com.unity.render-pipelines.universal from version 12.1.0 to 12.1.1

=== Sat Nov 27 16:14:07 2021

Packages were changed.
Update Mode: updateDependencies

The following packages were updated:
  com.unity.collab-proxy from version 1.13.5 to 1.15.1

=== Sat Dec 25 22:36:00 2021

Packages were changed.
Update Mode: updateDependencies

The following packages were updated:
  com.unity.collab-proxy from version 1.15.1 to 1.15.4
  com.unity.ide.visualstudio from version 2.0.11 to 2.0.12
  com.unity.render-pipelines.universal from version 12.1.1 to 12.1.2
  com.unity.visualeffectgraph from version 12.1.1 to 12.1.2
  com.unity.visualscripting from version 1.7.5 to 1.7.6

=== Sat Feb  5 16:52:47 2022

Packages were changed.
Update Mode: updateDependencies

The following packages were updated:
  com.unity.collab-proxy from version 1.15.4 to 1.15.7
  com.unity.ide.rider from version 3.0.7 to 3.0.9
  com.unity.render-pipelines.universal from version 12.1.2 to 12.1.4
  com.unity.visualeffectgraph from version 12.1.2 to 12.1.4

=== Mon Feb 14 15:54:55 2022

Packages were changed.
Update Mode: updateDependencies

The following packages were updated:
  com.unity.ide.visualstudio from version 2.0.12 to 2.0.14

=== Sat May 21 18:39:20 2022

Packages were changed.
Update Mode: updateDependencies

The following packages were updated:
  com.unity.ide.visualstudio from version 2.0.14 to 2.0.15
  com.unity.ide.vscode from version 1.2.4 to 1.2.5
  com.unity.render-pipelines.universal from version 12.1.4 to 12.1.6
  com.unity.visualeffectgraph from version 12.1.4 to 12.1.6
  com.unity.xr.legacyinputhelpers from version 2.1.8 to 2.1.9

=== Mon Jun 27 17:31:59 2022

Packages were changed.
Update Mode: updateDependencies

The following packages were updated:
  com.unity.render-pipelines.universal from version 12.1.6 to 12.1.7
  com.unity.visualeffectgraph from version 12.1.6 to 12.1.7
  com.unity.visualscripting from version 1.7.6 to 1.7.8

=== Sun Jul 24 12:06:18 2022

Packages were changed.
Update Mode: updateDependencies

The following packages were updated:
  com.unity.ide.visualstudio from version 2.0.15 to 2.0.16

=== Sun Sep  4 15:37:18 2022

Packages were changed.
Update Mode: updateDependencies

The following packages were updated:
  com.unity.xr.legacyinputhelpers from version 2.1.9 to 2.1.10

=== Thu Feb 16 17:37:14 2023

Packages were changed.
Update Mode: updateDependencies

The following packages were added:
  com.unity.ai.navigation@1.1.1
The following packages were updated:
  com.unity.ide.visualstudio from version 2.0.16 to 2.0.17
  com.unity.render-pipelines.universal from version 12.1.7 to 14.0.6
  com.unity.visualeffectgraph from version 12.1.7 to 14.0.6
  com.unity.visualscripting from version 1.7.8 to 1.8.0

=== Thu Apr 13 11:31:51 2023

Packages were changed.
Update Mode: updateDependencies

The following packages were updated:
  com.unity.render-pipelines.universal from version 14.0.6 to 14.0.7
  com.unity.visualeffectgraph from version 14.0.6 to 14.0.7

=== Sun May 14 14:10:25 2023

Packages were changed.
Update Mode: updateDependencies

The following packages were updated:
  com.unity.ide.visualstudio from version 2.0.17 to 2.0.18

=== Sun Jul 23 15:43:03 2023

Packages were changed.
Update Mode: updateDependencies

The following packages were updated:
  com.unity.render-pipelines.universal from version 14.0.7 to 14.0.8
  com.unity.visualeffectgraph from version 14.0.7 to 14.0.8

=== Sun Nov 12 12:24:26 2023

Packages were changed.
Update Mode: updateDependencies

The following packages were updated:
  com.unity.ide.visualstudio from version 2.0.18 to 2.0.22
  com.unity.render-pipelines.universal from version 14.0.8 to 14.0.9
  com.unity.visualeffectgraph from version 14.0.8 to 14.0.9
  com.unity.visualscripting from version 1.8.0 to 1.9.1
